<?xml version="1.0" encoding="UTF-8"?>
<!-- Generated by org.testng.reporters.JUnitReportReporter -->
<testsuite hostname="anish-Latitude-3510" failures="0" tests="3" name="TestNG.parallelExecution" time="13.136" errors="0" timestamp="2023-03-17T13:16:14 IST" skipped="0">
  <testcase classname="TestNG.parallelExecution" name="OpenGoogle" time="5.228"/>
  <system-out/>
  <testcase classname="TestNG.parallelExecution" name="OpenQuora" time="5.082"/>
  <system-out/>
  <testcase classname="TestNG.parallelExecution" name="OpenYahoo" time="2.826"/>
  <system-out/>
</testsuite> <!-- TestNG.parallelExecution -->
