<?xml version="1.0" encoding="UTF-8"?>
<!-- Generated by org.testng.reporters.JUnitReportReporter -->
<testsuite hostname="anish-Latitude-3510" failures="0" tests="2" name="TestNG.NewTest" time="0.008" errors="0" timestamp="2023-03-13T17:51:22 IST" skipped="0">
  <testcase classname="TestNG.NewTest" name="f" time="0.003"/>
  <system-out/>
  <testcase classname="TestNG.NewTest" name="f" time="0.005"/>
  <system-out/>
</testsuite> <!-- TestNG.NewTest -->
