<?xml version="1.0" encoding="UTF-8"?>
<!-- Generated by org.testng.reporters.JUnitReportReporter -->
<testsuite hostname="anish-Latitude-3510" failures="0" tests="1" name="TestNG.Assertion" time="0.008" errors="0" timestamp="2023-06-07T16:26:15 IST" skipped="0">
  <testcase classname="TestNG.Assertion" name="NameCheck" time="0.008"/>
  <system-out/>
</testsuite> <!-- TestNG.Assertion -->
