<?xml version="1.0" encoding="UTF-8"?>
<!-- Generated by org.testng.reporters.JUnitReportReporter -->
<testsuite hostname="anish-Latitude-3510" failures="0" tests="5" name="TestNG.SkipTestcase" time="0.002" errors="0" timestamp="2023-03-17T12:56:35 IST" skipped="2">
  <testcase classname="TestNG.SkipTestcase" name="Item" time="0.001"/>
  <system-out/>
  <testcase classname="TestNG.SkipTestcase" name="Item3" time="0.000"/>
  <system-out/>
  <testcase classname="TestNG.SkipTestcase" name="Item4" time="0.001"/>
  <system-out/>
  <testcase classname="TestNG.SkipTestcase" name="Item1">
    <skipped/>
  </testcase> <!-- Item1 -->
  <system-out/>
  <testcase classname="TestNG.SkipTestcase" name="Item2">
    <skipped/>
  </testcase> <!-- Item2 -->
  <system-out/>
</testsuite> <!-- TestNG.SkipTestcase -->
