<?xml version="1.0" encoding="UTF-8"?>
<!-- Generated by org.testng.reporters.JUnitReportReporter -->
<testsuite hostname="anish-Latitude-3510" failures="0" tests="1" name="MiniProject.login" time="8.200" errors="0" timestamp="2023-11-22T17:15:15 IST" skipped="0">
  <testcase classname="MiniProject.login" name="InitiateOrdre" time="8.200"/>
  <system-out/>
</testsuite> <!-- MiniProject.login -->
