<?xml version="1.0" encoding="UTF-8"?>
<!-- Generated by org.testng.reporters.JUnitReportReporter -->
<testsuite hostname="anish-Latitude-3510" failures="0" tests="3" name="TestNG.Groups" time="0.008" errors="0" timestamp="2023-03-17T12:56:35 IST" skipped="0">
  <testcase classname="TestNG.Groups" name="Nokia" time="0.002"/>
  <system-out/>
  <testcase classname="TestNG.Groups" name="Relliance" time="0.001"/>
  <system-out/>
  <testcase classname="TestNG.Groups" name="Apple" time="0.005"/>
  <system-out/>
</testsuite> <!-- TestNG.Groups -->
