<?xml version="1.0" encoding="UTF-8"?>
<!-- Generated by org.testng.reporters.JUnitReportReporter -->
<testsuite hostname="anish-Latitude-3510" failures="0" tests="1" name="DataDrivenFrameWork.BothCorrect" time="62.724" errors="0" timestamp="2023-03-20T07:13:15 IST" skipped="0">
  <testcase classname="DataDrivenFrameWork.BothCorrect" name="BothCorrectMethod" time="62.724"/>
  <system-out/>
</testsuite> <!-- DataDrivenFrameWork.BothCorrect -->
