<?xml version="1.0" encoding="UTF-8"?>
<!-- Generated by org.testng.reporters.JUnitReportReporter -->
<testsuite hostname="anish-Latitude-3510" failures="0" tests="1" name="POM.BothCorrect" time="63.294" errors="0" timestamp="2023-03-19T08:56:56 IST" skipped="0">
  <testcase classname="POM.BothCorrect" name="BothCorrectMethod" time="63.294"/>
  <system-out/>
</testsuite> <!-- POM.BothCorrect -->
