<?xml version="1.0" encoding="UTF-8"?>
<!-- Generated by org.testng.reporters.JUnitReportReporter -->
<testsuite hostname="anish-Latitude-3510" failures="0" tests="1" name="TestNG.Parameterization" time="0.002" errors="0" timestamp="2023-03-17T12:56:35 IST" skipped="0">
  <testcase classname="TestNG.Parameterization" name="PrintName" time="0.002"/>
  <system-out/>
</testsuite> <!-- TestNG.Parameterization -->
