<?xml version="1.0" encoding="UTF-8"?>
<!-- Generated by org.testng.reporters.JUnitReportReporter -->
<testsuite hostname="anish-Latitude-3510" failures="0" tests="4" name="POM.DataDrivens" time="69.069" errors="0" timestamp="2023-03-19T12:36:49 IST" skipped="0">
  <testcase classname="POM.DataDrivens" name="login" time="1.687"/>
  <system-out/>
  <testcase classname="POM.DataDrivens" name="login" time="63.641"/>
  <system-out/>
  <testcase classname="POM.DataDrivens" name="login" time="1.860"/>
  <system-out/>
  <testcase classname="POM.DataDrivens" name="login" time="1.881"/>
  <system-out/>
</testsuite> <!-- POM.DataDrivens -->
