<?xml version="1.0" encoding="UTF-8"?>
<!-- Generated by org.testng.reporters.JUnitReportReporter -->
<testsuite hostname="anish-Latitude-3510" failures="0" tests="4" name="DataDrivenFrameWork.DataDrivens" time="8.375" errors="0" timestamp="2023-03-19T12:43:48 IST" skipped="0">
  <testcase classname="DataDrivenFrameWork.DataDrivens" name="login" time="1.852"/>
  <system-out/>
  <testcase classname="DataDrivenFrameWork.DataDrivens" name="login" time="3.192"/>
  <system-out/>
  <testcase classname="DataDrivenFrameWork.DataDrivens" name="login" time="1.629"/>
  <system-out/>
  <testcase classname="DataDrivenFrameWork.DataDrivens" name="login" time="1.702"/>
  <system-out/>
</testsuite> <!-- DataDrivenFrameWork.DataDrivens -->
