<?xml version="1.0" encoding="UTF-8"?>
<!-- Generated by org.testng.reporters.JUnitReportReporter -->
<testsuite hostname="anish-Latitude-3510" failures="0" tests="5" name="TestNG.DependenciesManagement" time="0.012" errors="0" timestamp="2023-03-17T12:56:35 IST" skipped="0">
  <testcase classname="TestNG.DependenciesManagement" name="Item2" time="0.002"/>
  <system-out/>
  <testcase classname="TestNG.DependenciesManagement" name="Item3" time="0.002"/>
  <system-out/>
  <testcase classname="TestNG.DependenciesManagement" name="Item4" time="0.001"/>
  <system-out/>
  <testcase classname="TestNG.DependenciesManagement" name="Item1" time="0.001"/>
  <system-out/>
  <testcase classname="TestNG.DependenciesManagement" name="Item" time="0.006"/>
  <system-out/>
</testsuite> <!-- TestNG.DependenciesManagement -->
