<?xml version="1.0" encoding="UTF-8"?>
<!-- Generated by org.testng.reporters.JUnitReportReporter -->
<testsuite hostname="anish-Latitude-3510" failures="0" tests="1" name="TestNG.test" time="0.007" errors="0" timestamp="2023-03-13T13:51:40 IST" skipped="0">
  <testcase classname="TestNG.test" name="name" time="0.007"/>
  <system-out/>
</testsuite> <!-- TestNG.test -->
